# JRE version: OpenJDK Runtime Environment Corretto-17.0.11.9.1 (17.0.11+9) (build 17.0.11+9-LTS)
# Java VM: OpenJDK 64-Bit Server VM Corretto-17.0.11.9.1 (17.0.11+9-LTS, mixed mode, emulated-client, sharing, tiered, compressed oops, compressed class ptrs, g1 gc, bsd-aarch64)
GC Precious Log:
 CPUs: 8 total, 8 available
 Memory: 8192M
 Large Page Support: Disabled
 NUMA Support: Disabled
 Compressed Oops: Enabled (Zero based)
 Heap Region Size: 1M
 Heap Min Capacity: 8M
 Heap Initial Capacity: 128M
 Heap Max Capacity: 2G
 Pre-touch: Disabled
 Parallel Workers: 8
 Concurrent Workers: 2
 Concurrent Refinement Workers: 8
 Periodic GC: Disabled
Heap:
 garbage-first heap   total 83968K, used 34381K [0x0000000780000000, 0x0000000800000000)
  region size 1024K, 17 young (17408K), 4 survivors (4096K)
 Metaspace       used 33044K, committed 33408K, reserved 1114112K
  class space    used 4619K, committed 4800K, reserved 1048576K
GC Heap History (14 events):
Event: 1.506 GC heap before
{Heap before GC invocations=0 (full 0):
 garbage-first heap   total 133120K, used 25504K [0x0000000780000000, 0x0000000800000000)
  region size 1024K, 23 young (23552K), 0 survivors (0K)
 Metaspace       used 6218K, committed 6400K, reserved 1114112K
  class space    used 867K, committed 960K, reserved 1048576K
}
Event: 1.516 GC heap after
{Heap after GC invocations=1 (full 0):
 garbage-first heap   total 133120K, used 10707K [0x0000000780000000, 0x0000000800000000)
  region size 1024K, 3 young (3072K), 3 survivors (3072K)
 Metaspace       used 6218K, committed 6400K, reserved 1114112K
  class space    used 867K, committed 960K, reserved 1048576K
}
Event: 2.137 GC heap before
{Heap before GC invocations=1 (full 0):
 garbage-first heap   total 133120K, used 36307K [0x0000000780000000, 0x0000000800000000)
  region size 1024K, 28 young (28672K), 3 survivors (3072K)
 Metaspace       used 12177K, committed 12416K, reserved 1114112K
  class space    used 1655K, committed 1792K, reserved 1048576K
}
Event: 2.145 GC heap after
{Heap after GC invocations=2 (full 0):
 garbage-first heap   total 133120K, used 12853K [0x0000000780000000, 0x0000000800000000)
  region size 1024K, 2 young (2048K), 2 survivors (2048K)
 Metaspace       used 12177K, committed 12416K, reserved 1114112K
  class space    used 1655K, committed 1792K, reserved 1048576K
}
Event: 2.622 GC heap before
{Heap before GC invocations=2 (full 0):
 garbage-first heap   total 133120K, used 65077K [0x0000000780000000, 0x0000000800000000)
  region size 1024K, 54 young (55296K), 2 survivors (2048K)
 Metaspace       used 20499K, committed 20800K, reserved 1114112K
  class space    used 2872K, committed 3008K, reserved 1048576K
}
Event: 2.627 GC heap after
{Heap after GC invocations=3 (full 0):
 garbage-first heap   total 133120K, used 15505K [0x0000000780000000, 0x0000000800000000)
  region size 1024K, 5 young (5120K), 5 survivors (5120K)
 Metaspace       used 20499K, committed 20800K, reserved 1114112K
  class space    used 2872K, committed 3008K, reserved 1048576K
}
Event: 2.664 GC heap before
{Heap before GC invocations=3 (full 0):
 garbage-first heap   total 133120K, used 22673K [0x0000000780000000, 0x0000000800000000)
  region size 1024K, 13 young (13312K), 5 survivors (5120K)
 Metaspace       used 21235K, committed 21504K, reserved 1114112K
  class space    used 2940K, committed 3072K, reserved 1048576K
}
Event: 2.668 GC heap after
{Heap after GC invocations=4 (full 0):
 garbage-first heap   total 133120K, used 16693K [0x0000000780000000, 0x0000000800000000)
  region size 1024K, 6 young (6144K), 6 survivors (6144K)
 Metaspace       used 21235K, committed 21504K, reserved 1114112K
  class space    used 2940K, committed 3072K, reserved 1048576K
}
Event: 3.143 GC heap before
{Heap before GC invocations=5 (full 0):
 garbage-first heap   total 68608K, used 50485K [0x0000000780000000, 0x0000000800000000)
  region size 1024K, 40 young (40960K), 6 survivors (6144K)
 Metaspace       used 24948K, committed 25280K, reserved 1114112K
  class space    used 3443K, committed 3584K, reserved 1048576K
}
Event: 3.167 GC heap after
{Heap after GC invocations=6 (full 0):
 garbage-first heap   total 68608K, used 19215K [0x0000000780000000, 0x0000000800000000)
  region size 1024K, 4 young (4096K), 4 survivors (4096K)
 Metaspace       used 24948K, committed 25280K, reserved 1114112K
  class space    used 3443K, committed 3584K, reserved 1048576K
}
Event: 3.745 GC heap before
{Heap before GC invocations=6 (full 0):
 garbage-first heap   total 68608K, used 44815K [0x0000000780000000, 0x0000000800000000)
  region size 1024K, 30 young (30720K), 4 survivors (4096K)
 Metaspace       used 27738K, committed 28032K, reserved 1114112K
  class space    used 3769K, committed 3904K, reserved 1048576K
}
Event: 3.753 GC heap after
{Heap after GC invocations=7 (full 0):
 garbage-first heap   total 83968K, used 20404K [0x0000000780000000, 0x0000000800000000)
  region size 1024K, 2 young (2048K), 2 survivors (2048K)
 Metaspace       used 27738K, committed 28032K, reserved 1114112K
  class space    used 3769K, committed 3904K, reserved 1048576K
}
Event: 4.594 GC heap before
{Heap before GC invocations=7 (full 0):
 garbage-first heap   total 83968K, used 60340K [0x0000000780000000, 0x0000000800000000)
  region size 1024K, 41 young (41984K), 2 survivors (2048K)
 Metaspace       used 31534K, committed 31872K, reserved 1114112K
  class space    used 4391K, committed 4544K, reserved 1048576K
}
Event: 4.625 GC heap after
{Heap after GC invocations=8 (full 0):
 garbage-first heap   total 83968K, used 22093K [0x0000000780000000, 0x0000000800000000)
  region size 1024K, 4 young (4096K), 4 survivors (4096K)
 Metaspace       used 31534K, committed 31872K, reserved 1114112K
  class space    used 4391K, committed 4544K, reserved 1048576K
}

