# JRE version: Java(TM) SE Runtime Environment (17.0.12+8) (build 17.0.12+8-LTS-286)
# Java VM: Java HotSpot(TM) 64-Bit Server VM (17.0.12+8-LTS-286, mixed mode, sharing, tiered, compressed oops, compressed class ptrs, g1 gc, windows-amd64)
GC Precious Log:
 CPUs: 8 total, 8 available
 Memory: 7068M
 Large Page Support: Disabled
 NUMA Support: Disabled
 Compressed Oops: Enabled (32-bit)
 Heap Region Size: 1M
 Heap Min Capacity: 256M
 Heap Initial Capacity: 256M
 Heap Max Capacity: 512M
 Pre-touch: Disabled
 Parallel Workers: 8
 Concurrent Workers: 2
 Concurrent Refinement Workers: 8
 Periodic GC: Disabled
Heap:
 garbage-first heap   total 262144K, used 134894K [0x00000000e0000000, 0x0000000100000000)
  region size 1024K, 41 young (41984K), 18 survivors (18432K)
 Metaspace       used 76715K, committed 77440K, reserved 344064K
  class space    used 10365K, committed 10688K, reserved 212992K
GC Heap History (20 events):
Event: 4.147 GC heap before
{Heap before GC invocations=2 (full 0):
 garbage-first heap   total 262144K, used 114971K [0x00000000e0000000, 0x0000000100000000)
  region size 1024K, 104 young (106496K), 4 survivors (4096K)
 Metaspace       used 21218K, committed 21504K, reserved 278528K
  class space    used 3186K, committed 3328K, reserved 212992K
}
Event: 4.161 GC heap after
{Heap after GC invocations=3 (full 0):
 garbage-first heap   total 262144K, used 21622K [0x00000000e0000000, 0x0000000100000000)
  region size 1024K, 12 young (12288K), 12 survivors (12288K)
 Metaspace       used 21218K, committed 21504K, reserved 278528K
  class space    used 3186K, committed 3328K, reserved 212992K
}
Event: 6.154 GC heap before
{Heap before GC invocations=4 (full 0):
 garbage-first heap   total 262144K, used 135286K [0x00000000e0000000, 0x0000000100000000)
  region size 1024K, 120 young (122880K), 12 survivors (12288K)
 Metaspace       used 35606K, committed 35968K, reserved 278528K
  class space    used 4936K, committed 5120K, reserved 212992K
}
Event: 6.173 GC heap after
{Heap after GC invocations=5 (full 0):
 garbage-first heap   total 262144K, used 30640K [0x00000000e0000000, 0x0000000100000000)
  region size 1024K, 16 young (16384K), 16 survivors (16384K)
 Metaspace       used 35606K, committed 35968K, reserved 278528K
  class space    used 4936K, committed 5120K, reserved 212992K
}
Event: 6.191 GC heap before
{Heap before GC invocations=5 (full 0):
 garbage-first heap   total 262144K, used 31664K [0x00000000e0000000, 0x0000000100000000)
  region size 1024K, 17 young (17408K), 16 survivors (16384K)
 Metaspace       used 35712K, committed 36160K, reserved 278528K
  class space    used 4954K, committed 5184K, reserved 212992K
}
Event: 6.205 GC heap after
{Heap after GC invocations=6 (full 0):
 garbage-first heap   total 262144K, used 32012K [0x00000000e0000000, 0x0000000100000000)
  region size 1024K, 2 young (2048K), 2 survivors (2048K)
 Metaspace       used 35712K, committed 36160K, reserved 278528K
  class space    used 4954K, committed 5184K, reserved 212992K
}
Event: 6.224 GC heap before
{Heap before GC invocations=6 (full 0):
 garbage-first heap   total 262144K, used 33036K [0x00000000e0000000, 0x0000000100000000)
  region size 1024K, 4 young (4096K), 2 survivors (2048K)
 Metaspace       used 35861K, committed 36288K, reserved 278528K
  class space    used 4987K, committed 5184K, reserved 212992K
}
Event: 6.225 GC heap after
{Heap after GC invocations=7 (full 0):
 garbage-first heap   total 262144K, used 30467K [0x00000000e0000000, 0x0000000100000000)
  region size 1024K, 1 young (1024K), 1 survivors (1024K)
 Metaspace       used 35861K, committed 36288K, reserved 278528K
  class space    used 4987K, committed 5184K, reserved 212992K
}
Event: 8.646 GC heap before
{Heap before GC invocations=8 (full 0):
 garbage-first heap   total 262144K, used 192259K [0x00000000e0000000, 0x0000000100000000)
  region size 1024K, 153 young (156672K), 1 survivors (1024K)
 Metaspace       used 47681K, committed 48192K, reserved 278528K
  class space    used 6713K, committed 6976K, reserved 212992K
}
Event: 8.657 GC heap after
{Heap after GC invocations=9 (full 0):
 garbage-first heap   total 262144K, used 47594K [0x00000000e0000000, 0x0000000100000000)
  region size 1024K, 12 young (12288K), 12 survivors (12288K)
 Metaspace       used 47681K, committed 48192K, reserved 278528K
  class space    used 6713K, committed 6976K, reserved 212992K
}
Event: 12.222 GC heap before
{Heap before GC invocations=9 (full 0):
 garbage-first heap   total 262144K, used 186858K [0x00000000e0000000, 0x0000000100000000)
  region size 1024K, 149 young (152576K), 12 survivors (12288K)
 Metaspace       used 59975K, committed 60608K, reserved 278528K
  class space    used 8437K, committed 8768K, reserved 212992K
}
Event: 12.241 GC heap after
{Heap after GC invocations=10 (full 0):
 garbage-first heap   total 262144K, used 56567K [0x00000000e0000000, 0x0000000100000000)
  region size 1024K, 9 young (9216K), 9 survivors (9216K)
 Metaspace       used 59975K, committed 60608K, reserved 278528K
  class space    used 8437K, committed 8768K, reserved 212992K
}
Event: 14.436 GC heap before
{Heap before GC invocations=11 (full 0):
 garbage-first heap   total 262144K, used 199927K [0x00000000e0000000, 0x0000000100000000)
  region size 1024K, 150 young (153600K), 9 survivors (9216K)
 Metaspace       used 65397K, committed 66112K, reserved 278528K
  class space    used 9143K, committed 9472K, reserved 212992K
}
Event: 14.457 GC heap after
{Heap after GC invocations=12 (full 0):
 garbage-first heap   total 262144K, used 68447K [0x00000000e0000000, 0x0000000100000000)
  region size 1024K, 19 young (19456K), 19 survivors (19456K)
 Metaspace       used 65397K, committed 66112K, reserved 278528K
  class space    used 9143K, committed 9472K, reserved 212992K
}
Event: 15.678 GC heap before
{Heap before GC invocations=12 (full 0):
 garbage-first heap   total 262144K, used 202591K [0x00000000e0000000, 0x0000000100000000)
  region size 1024K, 150 young (153600K), 19 survivors (19456K)
 Metaspace       used 65873K, committed 66688K, reserved 278528K
  class space    used 9148K, committed 9536K, reserved 212992K
}
Event: 15.700 GC heap after
{Heap after GC invocations=13 (full 0):
 garbage-first heap   total 262144K, used 78237K [0x00000000e0000000, 0x0000000100000000)
  region size 1024K, 10 young (10240K), 10 survivors (10240K)
 Metaspace       used 65873K, committed 66688K, reserved 278528K
  class space    used 9148K, committed 9536K, reserved 212992K
}
Event: 17.079 GC heap before
{Heap before GC invocations=13 (full 0):
 garbage-first heap   total 262144K, used 206237K [0x00000000e0000000, 0x0000000100000000)
  region size 1024K, 135 young (138240K), 10 survivors (10240K)
 Metaspace       used 66651K, committed 67392K, reserved 278528K
  class space    used 9224K, committed 9536K, reserved 212992K
}
Event: 17.091 GC heap after
{Heap after GC invocations=14 (full 0):
 garbage-first heap   total 262144K, used 83434K [0x00000000e0000000, 0x0000000100000000)
  region size 1024K, 15 young (15360K), 15 survivors (15360K)
 Metaspace       used 66651K, committed 67392K, reserved 278528K
  class space    used 9224K, committed 9536K, reserved 212992K
}
Event: 20.185 GC heap before
{Heap before GC invocations=14 (full 0):
 garbage-first heap   total 262144K, used 214506K [0x00000000e0000000, 0x0000000100000000)
  region size 1024K, 137 young (140288K), 15 survivors (15360K)
 Metaspace       used 75831K, committed 76608K, reserved 344064K
  class space    used 10282K, committed 10624K, reserved 212992K
}
Event: 20.217 GC heap after
{Heap after GC invocations=15 (full 0):
 garbage-first heap   total 262144K, used 113390K [0x00000000e0000000, 0x0000000100000000)
  region size 1024K, 18 young (18432K), 18 survivors (18432K)
 Metaspace       used 75831K, committed 76608K, reserved 344064K
  class space    used 10282K, committed 10624K, reserved 212992K
}

